Using pre-set license
Built from '2021.2/staging' branch; Version is '2021.2.13f1 (90b6766da538) revision 9483894'; Using compiler version '192829333'; Build Type 'Release'
OS: 'Windows 10  (10.0.19043) 64bit Professional' Language: 'en' Physical Memory: 16326 MB
BatchMode: 1, IsHumanControllingUs: 0, StartBugReporterOnCrash: 0, Is64bit: 1, IsPro: 1

COMMAND LINE ARGUMENTS:
C:\Program Files\Unity\Hub\Editor\2021.2.13f1\Editor\Unity.exe
-adb2
-batchMode
-noUpm
-name
AssetImportWorker2
-projectPath
D:/Personal/Unity/TTD 2020-09-14
-logFile
Logs/AssetImportWorker2.log
-srvPort
58341
Successfully changed project path to: D:/Personal/Unity/TTD 2020-09-14
D:/Personal/Unity/TTD 2020-09-14
[UnityMemory] Configuration Parameters - Can be set up in boot.config
    "memorysetup-bucket-allocator-granularity=16"
    "memorysetup-bucket-allocator-bucket-count=8"
    "memorysetup-bucket-allocator-block-size=33554432"
    "memorysetup-bucket-allocator-block-count=8"
    "memorysetup-main-allocator-block-size=16777216"
    "memorysetup-thread-allocator-block-size=16777216"
    "memorysetup-gfx-main-allocator-block-size=16777216"
    "memorysetup-gfx-thread-allocator-block-size=16777216"
    "memorysetup-cache-allocator-block-size=4194304"
    "memorysetup-typetree-allocator-block-size=2097152"
    "memorysetup-profiler-bucket-allocator-granularity=16"
    "memorysetup-profiler-bucket-allocator-bucket-count=8"
    "memorysetup-profiler-bucket-allocator-block-size=33554432"
    "memorysetup-profiler-bucket-allocator-block-count=8"
    "memorysetup-profiler-allocator-block-size=16777216"
    "memorysetup-profiler-editor-allocator-block-size=1048576"
    "memorysetup-temp-allocator-size-main=16777216"
    "memorysetup-job-temp-allocator-block-size=2097152"
    "memorysetup-job-temp-allocator-block-size-background=1048576"
    "memorysetup-job-temp-allocator-reduction-small-platforms=262144"
    "memorysetup-temp-allocator-size-background-worker=32768"
    "memorysetup-temp-allocator-size-job-worker=262144"
    "memorysetup-temp-allocator-size-preload-manager=33554432"
    "memorysetup-temp-allocator-size-nav-mesh-worker=65536"
    "memorysetup-temp-allocator-size-audio-worker=65536"
    "memorysetup-temp-allocator-size-cloud-worker=32768"
    "memorysetup-temp-allocator-size-gi-baking-worker=262144"
    "memorysetup-temp-allocator-size-gfx=262144"
Refreshing native plugins compatible for Editor in 56.75 ms, found 2 plugins.
Preloading 0 native plugins for Editor in 0.00 ms.
Initialize engine version: 2021.2.13f1 (90b6766da538)
[Subsystems] Discovering subsystems at path C:/Program Files/Unity/Hub/Editor/2021.2.13f1/Editor/Data/Resources/UnitySubsystems
[Subsystems] Discovering subsystems at path D:/Personal/Unity/TTD 2020-09-14/Assets
GfxDevice: creating device client; threaded=0; jobified=0
Direct3D:
    Version:  Direct3D 11.0 [level 11.1]
    Renderer: Radeon RX 580 Series (ID=0x67df)
    Vendor:   ATI
    VRAM:     8171 MB
    Driver:   30.0.13023.4001
Initialize mono
Mono path[0] = 'C:/Program Files/Unity/Hub/Editor/2021.2.13f1/Editor/Data/Managed'
Mono path[1] = 'C:/Program Files/Unity/Hub/Editor/2021.2.13f1/Editor/Data/MonoBleedingEdge/lib/mono/unityjit-win32'
Mono config path = 'C:/Program Files/Unity/Hub/Editor/2021.2.13f1/Editor/Data/MonoBleedingEdge/etc'
Using monoOptions --debugger-agent=transport=dt_socket,embedding=1,server=y,suspend=n,address=127.0.0.1:56616
Begin MonoManager ReloadAssembly
Registering precompiled unity dll's ...
Register platform support module: C:/Program Files/Unity/Hub/Editor/2021.2.13f1/Editor/Data/PlaybackEngines/AndroidPlayer/UnityEditor.Android.Extensions.dll
Register platform support module: C:/Program Files/Unity/Hub/Editor/2021.2.13f1/Editor/Data/PlaybackEngines/iOSSupport/UnityEditor.iOS.Extensions.dll
Register platform support module: C:/Program Files/Unity/Hub/Editor/2021.2.13f1/Editor/Data/PlaybackEngines/WindowsStandaloneSupport/UnityEditor.WindowsStandalone.Extensions.dll
Registered in 0.011047 seconds.
Native extension for WindowsStandalone target not found
[usbmuxd] Start listen thread
[usbmuxd] Listen thread started
Native extension for iOS target not found
Native extension for Android target not found
Refreshing native plugins compatible for Editor in 40.90 ms, found 2 plugins.
Preloading 0 native plugins for Editor in 0.00 ms.
Mono: successfully reloaded assembly
- Completed reload, in  0.625 seconds
Domain Reload Profiling:
	ReloadAssembly (625ms)
		BeginReloadAssembly (73ms)
			ExecutionOrderSort (0ms)
			DisableScriptedObjects (0ms)
			BackupInstance (0ms)
			ReleaseScriptingObjects (0ms)
			CreateAndSetChildDomain (1ms)
		EndReloadAssembly (436ms)
			LoadAssemblies (71ms)
			RebuildTransferFunctionScriptingTraits (0ms)
			SetupTypeCache (101ms)
			ReleaseScriptCaches (0ms)
			RebuildScriptCaches (26ms)
			SetupLoadedEditorAssemblies (255ms)
				LogAssemblyErrors (0ms)
				InitializePlatformSupportModulesInManaged (75ms)
				SetLoadedEditorAssemblies (0ms)
				RefreshPlugins (41ms)
				BeforeProcessingInitializeOnLoad (2ms)
				ProcessInitializeOnLoadAttributes (89ms)
				ProcessInitializeOnLoadMethodAttributes (48ms)
				AfterProcessingInitializeOnLoad (0ms)
				EditorAssembliesLoaded (0ms)
			ExecutionOrderSort2 (0ms)
			AwakeInstancesAfterBackupRestoration (0ms)
Platform modules already initialized, skipping
Registering precompiled user dll's ...
Registered in 0.006722 seconds.
Begin MonoManager ReloadAssembly
Native extension for WindowsStandalone target not found
Native extension for iOS target not found
Native extension for Android target not found
Refreshing native plugins compatible for Editor in 0.97 ms, found 2 plugins.
Preloading 0 native plugins for Editor in 0.00 ms.
Unable to write to 'ProjectSettings\GvhProjectSettings.xml' (System.IO.IOException: Sharing violation on path D:\Personal\Unity\TTD 2020-09-14\ProjectSettings\GvhProjectSettings.xml
  at System.IO.FileStream..ctor (System.String path, System.IO.FileMode mode, System.IO.FileAccess access, System.IO.FileShare share, System.Int32 bufferSize, System.Boolean anonymous, System.IO.FileOptions options) [0x0019e] in <7b935204f5ff4bcab44b3b0ebca330bf>:0 
  at System.IO.FileStream..ctor (System.String path, System.IO.FileMode mode, System.IO.FileAccess access, System.IO.FileShare share, System.Int32 bufferSize, System.IO.FileOptions options) [0x00000] in <7b935204f5ff4bcab44b3b0ebca330bf>:0 
  at (wrapper remoting-invoke-with-check) System.IO.FileStream..ctor(string,System.IO.FileMode,System.IO.FileAccess,System.IO.FileShare,int,System.IO.FileOptions)
  at System.IO.StreamWriter..ctor (System.String path, System.Boolean append, System.Text.Encoding encoding, System.Int32 bufferSize) [0x00055] in <7b935204f5ff4bcab44b3b0ebca330bf>:0 
  at System.IO.StreamWriter..ctor (System.String path) [0x00008] in <7b935204f5ff4bcab44b3b0ebca330bf>:0 
  at (wrapper remoting-invoke-with-check) System.IO.StreamWriter..ctor(string)
  at Google.ProjectSettings.Save () [0x0006d] in /Users/smiles/dev/src/unity-jar-resolver/source/VersionHandlerImpl/src/ProjectSettings.cs:820 , Project settings were not saved!
UnityEngine.StackTraceUtility:ExtractStackTrace ()
UnityEngine.DebugLogHandler:LogFormat (UnityEngine.LogType,UnityEngine.Object,string,object[])
UnityEngine.Logger:Log (UnityEngine.LogType,object)
UnityEngine.Debug:LogError (object)
Google.Logger:Log (string,Google.LogLevel) (at /Users/smiles/dev/src/unity-jar-resolver/source/VersionHandlerImpl/src/Logger.cs:127)
Google.ProjectSettings:Save () (at /Users/smiles/dev/src/unity-jar-resolver/source/VersionHandlerImpl/src/ProjectSettings.cs:837)
Google.ProjectSettings:SetBool (string,bool,Google.SettingsLocation) (at /Users/smiles/dev/src/unity-jar-resolver/source/VersionHandlerImpl/src/ProjectSettings.cs:484)
Google.ProjectSettings:SetBool (string,bool) (at /Users/smiles/dev/src/unity-jar-resolver/source/VersionHandlerImpl/src/ProjectSettings.cs:496)
Google.IOSResolver:set_VerboseLoggingEnabled (bool) (at /Users/smiles/dev/src/unity-jar-resolver/source/IOSResolver/src/IOSResolver.cs:893)
Google.IOSResolver:.cctor () (at /Users/smiles/dev/src/unity-jar-resolver/source/IOSResolver/src/IOSResolver.cs:651)
System.Runtime.CompilerServices.RuntimeHelpers:RunClassConstructor (System.RuntimeTypeHandle)
UnityEditor.EditorAssemblies:ProcessInitializeOnLoadAttributes (System.Type[])

(Filename: /Users/smiles/dev/src/unity-jar-resolver/source/VersionHandlerImpl/src/ProjectSettings.cs Line: 837)

Package Manager log level set to [2]
Mono: successfully reloaded assembly
- Completed reload, in  1.281 seconds
Domain Reload Profiling:
	ReloadAssembly (1282ms)
		BeginReloadAssembly (236ms)
			ExecutionOrderSort (0ms)
			DisableScriptedObjects (7ms)
			BackupInstance (0ms)
			ReleaseScriptingObjects (0ms)
			CreateAndSetChildDomain (134ms)
		EndReloadAssembly (941ms)
			LoadAssemblies (78ms)
			RebuildTransferFunctionScriptingTraits (0ms)
			SetupTypeCache (182ms)
			ReleaseScriptCaches (0ms)
			RebuildScriptCaches (51ms)
			SetupLoadedEditorAssemblies (586ms)
				LogAssemblyErrors (0ms)
				InitializePlatformSupportModulesInManaged (33ms)
				SetLoadedEditorAssemblies (0ms)
				RefreshPlugins (1ms)
				BeforeProcessingInitializeOnLoad (60ms)
				ProcessInitializeOnLoadAttributes (329ms)
				ProcessInitializeOnLoadMethodAttributes (150ms)
				AfterProcessingInitializeOnLoad (13ms)
				EditorAssembliesLoaded (0ms)
			ExecutionOrderSort2 (0ms)
			AwakeInstancesAfterBackupRestoration (8ms)
Platform modules already initialized, skipping
========================================================================
Worker process is ready to serve import requests
Launched and connected shader compiler UnityShaderCompiler.exe after 0.09 seconds
Refreshing native plugins compatible for Editor in 1.01 ms, found 2 plugins.
Preloading 0 native plugins for Editor in 0.00 ms.
Unloading 2340 Unused Serialized files (Serialized files now loaded: 0)
Unloading 146 unused Assets / (59.2 KB). Loaded Objects now: 2703.
Memory consumption went from 90.3 MB to 90.2 MB.
Total: 5.951300 ms (FindLiveObjects: 0.430800 ms CreateObjectMapping: 0.274700 ms MarkObjects: 5.137600 ms  DeleteObjects: 0.106900 ms)

AssetImportParameters requested are different than current active one (requested -> active):
  custom:video-decoder-ogg-theora: a1e56fd34408186e4bbccfd4996cb3dc -> 
  custom:container-muxer-webm: aa71ff27fc2769a1b78a27578f13a17b -> 
  custom:container-demuxer-webm: 4f35f7cbe854078d1ac9338744f61a02 -> 
  custom:video-encoder-webm-vp8: eb34c28f22e8b96e1ab97ce403110664 -> 
  custom:audio-encoder-webm-vorbis: bf7c407c2cedff20999df2af8eb42d56 -> 
  custom:framework-win-MediaFoundation: 216162199b28c13a410421893ffa2e32 -> 
  custom:container-demuxer-ogg: 62fdf1f143b41e24485cea50d1cbac27 -> 
  custom:video-decoder-webm-vp8: 9c59270c3fd7afecdb556c50c9e8de78 -> 
  custom:audio-decoder-ogg-vorbis: bf7c407c2cedff20999df2af8eb42d56 -> 
========================================================================
Received Prepare
Registering precompiled user dll's ...
Registered in 0.007618 seconds.
Begin MonoManager ReloadAssembly
Native extension for WindowsStandalone target not found
Native extension for iOS target not found
Native extension for Android target not found
Refreshing native plugins compatible for Editor in 0.93 ms, found 2 plugins.
Preloading 0 native plugins for Editor in 0.00 ms.
Unable to write to 'ProjectSettings\GvhProjectSettings.xml' (System.IO.IOException: Sharing violation on path D:\Personal\Unity\TTD 2020-09-14\ProjectSettings\GvhProjectSettings.xml
  at System.IO.FileStream..ctor (System.String path, System.IO.FileMode mode, System.IO.FileAccess access, System.IO.FileShare share, System.Int32 bufferSize, System.Boolean anonymous, System.IO.FileOptions options) [0x0019e] in <7b935204f5ff4bcab44b3b0ebca330bf>:0 
  at System.IO.FileStream..ctor (System.String path, System.IO.FileMode mode, System.IO.FileAccess access, System.IO.FileShare share, System.Int32 bufferSize, System.IO.FileOptions options) [0x00000] in <7b935204f5ff4bcab44b3b0ebca330bf>:0 
  at (wrapper remoting-invoke-with-check) System.IO.FileStream..ctor(string,System.IO.FileMode,System.IO.FileAccess,System.IO.FileShare,int,System.IO.FileOptions)
  at System.IO.StreamWriter..ctor (System.String path, System.Boolean append, System.Text.Encoding encoding, System.Int32 bufferSize) [0x00055] in <7b935204f5ff4bcab44b3b0ebca330bf>:0 
  at System.IO.StreamWriter..ctor (System.String path) [0x00008] in <7b935204f5ff4bcab44b3b0ebca330bf>:0 
  at (wrapper remoting-invoke-with-check) System.IO.StreamWriter..ctor(string)
  at Google.ProjectSettings.Save () [0x0006d] in /Users/smiles/dev/src/unity-jar-resolver/source/VersionHandlerImpl/src/ProjectSettings.cs:820 , Project settings were not saved!
UnityEngine.StackTraceUtility:ExtractStackTrace ()
UnityEngine.DebugLogHandler:LogFormat (UnityEngine.LogType,UnityEngine.Object,string,object[])
UnityEngine.Logger:Log (UnityEngine.LogType,object)
UnityEngine.Debug:LogError (object)
Google.Logger:Log (string,Google.LogLevel) (at /Users/smiles/dev/src/unity-jar-resolver/source/VersionHandlerImpl/src/Logger.cs:127)
Google.ProjectSettings:Save () (at /Users/smiles/dev/src/unity-jar-resolver/source/VersionHandlerImpl/src/ProjectSettings.cs:837)
Google.ProjectSettings:SetBool (string,bool,Google.SettingsLocation) (at /Users/smiles/dev/src/unity-jar-resolver/source/VersionHandlerImpl/src/ProjectSettings.cs:484)
Google.ProjectSettings:SetBool (string,bool) (at /Users/smiles/dev/src/unity-jar-resolver/source/VersionHandlerImpl/src/ProjectSettings.cs:496)
Google.IOSResolver:set_VerboseLoggingEnabled (bool) (at /Users/smiles/dev/src/unity-jar-resolver/source/IOSResolver/src/IOSResolver.cs:893)
Google.IOSResolver:.cctor () (at /Users/smiles/dev/src/unity-jar-resolver/source/IOSResolver/src/IOSResolver.cs:651)
System.Runtime.CompilerServices.RuntimeHelpers:RunClassConstructor (System.RuntimeTypeHandle)
UnityEditor.EditorAssemblies:ProcessInitializeOnLoadAttributes (System.Type[])

(Filename: /Users/smiles/dev/src/unity-jar-resolver/source/VersionHandlerImpl/src/ProjectSettings.cs Line: 837)

Mono: successfully reloaded assembly
- Completed reload, in  1.119 seconds
Domain Reload Profiling:
	ReloadAssembly (1120ms)
		BeginReloadAssembly (127ms)
			ExecutionOrderSort (0ms)
			DisableScriptedObjects (6ms)
			BackupInstance (0ms)
			ReleaseScriptingObjects (0ms)
			CreateAndSetChildDomain (35ms)
		EndReloadAssembly (902ms)
			LoadAssemblies (81ms)
			RebuildTransferFunctionScriptingTraits (0ms)
			SetupTypeCache (214ms)
			ReleaseScriptCaches (1ms)
			RebuildScriptCaches (40ms)
			SetupLoadedEditorAssemblies (508ms)
				LogAssemblyErrors (0ms)
				InitializePlatformSupportModulesInManaged (34ms)
				SetLoadedEditorAssemblies (0ms)
				RefreshPlugins (1ms)
				BeforeProcessingInitializeOnLoad (63ms)
				ProcessInitializeOnLoadAttributes (297ms)
				ProcessInitializeOnLoadMethodAttributes (103ms)
				AfterProcessingInitializeOnLoad (9ms)
				EditorAssembliesLoaded (0ms)
			ExecutionOrderSort2 (0ms)
			AwakeInstancesAfterBackupRestoration (8ms)
Platform modules already initialized, skipping
Refreshing native plugins compatible for Editor in 7.28 ms, found 2 plugins.
Preloading 0 native plugins for Editor in 0.00 ms.
Unloading 2333 Unused Serialized files (Serialized files now loaded: 0)
Unloading 134 unused Assets / (28.3 KB). Loaded Objects now: 2705.
Memory consumption went from 90.1 MB to 90.1 MB.
Total: 5.065300 ms (FindLiveObjects: 0.178400 ms CreateObjectMapping: 0.095100 ms MarkObjects: 4.743900 ms  DeleteObjects: 0.046900 ms)

AssetImportParameters requested are different than current active one (requested -> active):
  custom:video-decoder-ogg-theora: a1e56fd34408186e4bbccfd4996cb3dc -> 
  custom:container-muxer-webm: aa71ff27fc2769a1b78a27578f13a17b -> 
  custom:container-demuxer-webm: 4f35f7cbe854078d1ac9338744f61a02 -> 
  custom:video-encoder-webm-vp8: eb34c28f22e8b96e1ab97ce403110664 -> 
  custom:audio-encoder-webm-vorbis: bf7c407c2cedff20999df2af8eb42d56 -> 
  custom:framework-win-MediaFoundation: 216162199b28c13a410421893ffa2e32 -> 
  custom:container-demuxer-ogg: 62fdf1f143b41e24485cea50d1cbac27 -> 
  custom:video-decoder-webm-vp8: 9c59270c3fd7afecdb556c50c9e8de78 -> 
  custom:audio-decoder-ogg-vorbis: bf7c407c2cedff20999df2af8eb42d56 -> 
========================================================================
Received Prepare
Registering precompiled user dll's ...
Registered in 0.005400 seconds.
Begin MonoManager ReloadAssembly
Native extension for WindowsStandalone target not found
Native extension for iOS target not found
Native extension for Android target not found
Refreshing native plugins compatible for Editor in 0.96 ms, found 2 plugins.
Preloading 0 native plugins for Editor in 0.00 ms.
Mono: successfully reloaded assembly
- Completed reload, in  1.035 seconds
Domain Reload Profiling:
	ReloadAssembly (1036ms)
		BeginReloadAssembly (158ms)
			ExecutionOrderSort (0ms)
			DisableScriptedObjects (10ms)
			BackupInstance (0ms)
			ReleaseScriptingObjects (0ms)
			CreateAndSetChildDomain (44ms)
		EndReloadAssembly (764ms)
			LoadAssemblies (96ms)
			RebuildTransferFunctionScriptingTraits (0ms)
			SetupTypeCache (184ms)
			ReleaseScriptCaches (1ms)
			RebuildScriptCaches (35ms)
			SetupLoadedEditorAssemblies (422ms)
				LogAssemblyErrors (0ms)
				InitializePlatformSupportModulesInManaged (33ms)
				SetLoadedEditorAssemblies (0ms)
				RefreshPlugins (1ms)
				BeforeProcessingInitializeOnLoad (51ms)
				ProcessInitializeOnLoadAttributes (233ms)
				ProcessInitializeOnLoadMethodAttributes (93ms)
				AfterProcessingInitializeOnLoad (10ms)
				EditorAssembliesLoaded (0ms)
			ExecutionOrderSort2 (0ms)
			AwakeInstancesAfterBackupRestoration (6ms)
Platform modules already initialized, skipping
Refreshing native plugins compatible for Editor in 6.67 ms, found 2 plugins.
Preloading 0 native plugins for Editor in 0.00 ms.
Unloading 2330 Unused Serialized files (Serialized files now loaded: 0)
Unloading 131 unused Assets / (28.2 KB). Loaded Objects now: 2707.
Memory consumption went from 90.1 MB to 90.0 MB.
Total: 5.596400 ms (FindLiveObjects: 0.189600 ms CreateObjectMapping: 0.092300 ms MarkObjects: 5.268900 ms  DeleteObjects: 0.044600 ms)

AssetImportParameters requested are different than current active one (requested -> active):
  custom:video-decoder-ogg-theora: a1e56fd34408186e4bbccfd4996cb3dc -> 
  custom:container-muxer-webm: aa71ff27fc2769a1b78a27578f13a17b -> 
  custom:container-demuxer-webm: 4f35f7cbe854078d1ac9338744f61a02 -> 
  custom:video-encoder-webm-vp8: eb34c28f22e8b96e1ab97ce403110664 -> 
  custom:audio-encoder-webm-vorbis: bf7c407c2cedff20999df2af8eb42d56 -> 
  custom:framework-win-MediaFoundation: 216162199b28c13a410421893ffa2e32 -> 
  custom:container-demuxer-ogg: 62fdf1f143b41e24485cea50d1cbac27 -> 
  custom:video-decoder-webm-vp8: 9c59270c3fd7afecdb556c50c9e8de78 -> 
  custom:audio-decoder-ogg-vorbis: bf7c407c2cedff20999df2af8eb42d56 -> 
========================================================================
Received Prepare
Registering precompiled user dll's ...
Registered in 0.006237 seconds.
Begin MonoManager ReloadAssembly
Unloading broken assembly Assets/ExternalDependencyManager/Editor/Google.IOSResolver_v1.2.156.dll, this assembly can cause crashes in the runtime
Native extension for WindowsStandalone target not found
Native extension for iOS target not found
Native extension for Android target not found
Refreshing native plugins compatible for Editor in 0.92 ms, found 2 plugins.
Preloading 0 native plugins for Editor in 0.00 ms.
TypeLoadException: Could not load type of field 'Google.IOSResolver:commandLineDialog' (37) due to: Could not load file or assembly 'Google.JarResolver, Version=1.2.0.0, Culture=neutral, PublicKeyToken=null' or one of its dependencies.
  at (wrapper managed-to-native) System.RuntimeType.GetMethodsByName_native(System.RuntimeType,intptr,System.Reflection.BindingFlags,System.RuntimeType/MemberListType)
  at System.RuntimeType.GetMethodsByName (System.String name, System.Reflection.BindingFlags bindingAttr, System.RuntimeType+MemberListType listType, System.RuntimeType reflectedType) [0x0001b] in <7b935204f5ff4bcab44b3b0ebca330bf>:0 
  at System.RuntimeType.GetMethodCandidates (System.String name, System.Int32 genericParameterCount, System.Reflection.BindingFlags bindingAttr, System.Reflection.CallingConventions callConv, System.Type[] types, System.Boolean allowPrefixLookup) [0x00010] in <7b935204f5ff4bcab44b3b0ebca330bf>:0 
  at System.RuntimeType.GetMethodImplCommon (System.String name, System.Int32 genericParameterCount, System.Reflection.BindingFlags bindingAttr, System.Reflection.Binder binder, System.Reflection.CallingConventions callConv, System.Type[] types, System.Reflection.ParameterModifier[] modifiers) [0x00000] in <7b935204f5ff4bcab44b3b0ebca330bf>:0 
  at System.RuntimeType.GetMethodImpl (System.String name, System.Reflection.BindingFlags bindingAttr, System.Reflection.Binder binder, System.Reflection.CallingConventions callConv, System.Type[] types, System.Reflection.ParameterModifier[] modifiers) [0x00000] in <7b935204f5ff4bcab44b3b0ebca330bf>:0 
  at System.Type.GetMethod (System.String name, System.Reflection.BindingFlags bindingAttr) [0x0000e] in <7b935204f5ff4bcab44b3b0ebca330bf>:0 
  at UnityEditor.AssetPostprocessingInternal.GetProcessorHashString (System.String methodName, System.String& hashString) [0x00027] in <db8aad8fcedd4e11ba6ba696cb8802a7>:0 
UnityEngine.DebugLogHandler:Internal_LogException(Exception, Object)
UnityEngine.DebugLogHandler:LogException(Exception, Object)
UnityEngine.Logger:LogException(Exception, Object)
UnityEngine.Debug:LogException(Exception)
UnityEditor.AssetPostprocessingInternal:GetProcessorHashString(String, String&)
UnityEditor.AssetPostprocessingInternal:GetCameraProcessorsHashString()
UnityEditor.AssetPostprocessingInternal:RefreshCustomDependencies()
System.Reflection.RuntimeMethodInfo:InternalInvoke(RuntimeMethodInfo, Object, Object[], Exception&)
System.Reflection.RuntimeMethodInfo:Invoke(Object, BindingFlags, Binder, Object[], CultureInfo)
System.Reflection.MethodBase:Invoke(Object, Object[])
UnityEditor.EditorAssemblies:ProcessInitializeOnLoadMethodAttributes()

TypeLoadException: Could not load type of field 'Google.IOSResolver:commandLineDialog' (37) due to: Could not load file or assembly 'Google.JarResolver, Version=1.2.0.0, Culture=neutral, PublicKeyToken=null' or one of its dependencies.
  at (wrapper managed-to-native) System.RuntimeType.GetMethodsByName_native(System.RuntimeType,intptr,System.Reflection.BindingFlags,System.RuntimeType/MemberListType)
  at System.RuntimeType.GetMethodsByName (System.String name, System.Reflection.BindingFlags bindingAttr, System.RuntimeType+MemberListType listType, System.RuntimeType reflectedType) [0x0001b] in <7b935204f5ff4bcab44b3b0ebca330bf>:0 
  at System.RuntimeType.GetMethodCandidates (System.String name, System.Int32 genericParameterCount, System.Reflection.BindingFlags bindingAttr, System.Reflection.CallingConventions callConv, System.Type[] types, System.Boolean allowPrefixLookup) [0x00010] in <7b935204f5ff4bcab44b3b0ebca330bf>:0 
  at System.RuntimeType.GetMethodImplCommon (System.String name, System.Int32 genericParameterCount, System.Reflection.BindingFlags bindingAttr, System.Reflection.Binder binder, System.Reflection.CallingConventions callConv, System.Type[] types, System.Reflection.ParameterModifier[] modifiers) [0x00000] in <7b935204f5ff4bcab44b3b0ebca330bf>:0 
  at System.RuntimeType.GetMethodImpl (System.String name, System.Reflection.BindingFlags bindingAttr, System.Reflection.Binder binder, System.Reflection.CallingConventions callConv, System.Type[] types, System.Reflection.ParameterModifier[] modifiers) [0x00000] in <7b935204f5ff4bcab44b3b0ebca330bf>:0 
  at System.Type.GetMethod (System.String name, System.Reflection.BindingFlags bindingAttr) [0x0000e] in <7b935204f5ff4bcab44b3b0ebca330bf>:0 
  at UnityEditor.AssetPostprocessingInternal.GetProcessorHashString (System.String methodName, System.String& hashString) [0x00027] in <db8aad8fcedd4e11ba6ba696cb8802a7>:0 
UnityEngine.DebugLogHandler:Internal_LogException(Exception, Object)
UnityEngine.DebugLogHandler:LogException(Exception, Object)
UnityEngine.Logger:LogException(Exception, Object)
UnityEngine.Debug:LogException(Exception)
UnityEditor.AssetPostprocessingInternal:GetProcessorHashString(String, String&)
UnityEditor.AssetPostprocessingInternal:GetLightProcessorsHashString()
UnityEditor.AssetPostprocessingInternal:RefreshCustomDependencies()
System.Reflection.RuntimeMethodInfo:InternalInvoke(RuntimeMethodInfo, Object, Object[], Exception&)
System.Reflection.RuntimeMethodInfo:Invoke(Object, BindingFlags, Binder, Object[], CultureInfo)
System.Reflection.MethodBase:Invoke(Object, Object[])
UnityEditor.EditorAssemblies:ProcessInitializeOnLoadMethodAttributes()

TypeLoadException: Could not load type of field 'Google.IOSResolver:commandLineDialog' (37) due to: Could not load file or assembly 'Google.JarResolver, Version=1.2.0.0, Culture=neutral, PublicKeyToken=null' or one of its dependencies.
  at (wrapper managed-to-native) System.RuntimeType.GetMethodsByName_native(System.RuntimeType,intptr,System.Reflection.BindingFlags,System.RuntimeType/MemberListType)
  at System.RuntimeType.GetMethodsByName (System.String name, System.Reflection.BindingFlags bindingAttr, System.RuntimeType+MemberListType listType, System.RuntimeType reflectedType) [0x0001b] in <7b935204f5ff4bcab44b3b0ebca330bf>:0 
  at System.RuntimeType.GetMethodCandidates (System.String name, System.Int32 genericParameterCount, System.Reflection.BindingFlags bindingAttr, System.Reflection.CallingConventions callConv, System.Type[] types, System.Boolean allowPrefixLookup) [0x00010] in <7b935204f5ff4bcab44b3b0ebca330bf>:0 
  at System.RuntimeType.GetMethodImplCommon (System.String name, System.Int32 genericParameterCount, System.Reflection.BindingFlags bindingAttr, System.Reflection.Binder binder, System.Reflection.CallingConventions callConv, System.Type[] types, System.Reflection.ParameterModifier[] modifiers) [0x00000] in <7b935204f5ff4bcab44b3b0ebca330bf>:0 
  at System.RuntimeType.GetMethodImpl (System.String name, System.Reflection.BindingFlags bindingAttr, System.Reflection.Binder binder, System.Reflection.CallingConventions callConv, System.Type[] types, System.Reflection.ParameterModifier[] modifiers) [0x00000] in <7b935204f5ff4bcab44b3b0ebca330bf>:0 
  at System.Type.GetMethod (System.String name, System.Reflection.BindingFlags bindingAttr) [0x0000e] in <7b935204f5ff4bcab44b3b0ebca330bf>:0 
  at UnityEditor.AssetPostprocessingInternal.GetProcessorHashString (System.String methodName, System.String& hashString) [0x00027] in <db8aad8fcedd4e11ba6ba696cb8802a7>:0 
UnityEngine.DebugLogHandler:Internal_LogException(Exception, Object)
UnityEngine.DebugLogHandler:LogException(Exception, Object)
UnityEngine.Logger:LogException(Exception, Object)
UnityEngine.Debug:LogException(Exception)
UnityEditor.AssetPostprocessingInternal:GetProcessorHashString(String, String&)
UnityEditor.AssetPostprocessingInternal:GetTexture2DProcessorsHashString()
UnityEditor.AssetPostprocessingInternal:RefreshCustomDependencies()
System.Reflection.RuntimeMethodInfo:InternalInvoke(RuntimeMethodInfo, Object, Object[], Exception&)
System.Reflection.RuntimeMethodInfo:Invoke(Object, BindingFlags, Binder, Object[], CultureInfo)
System.Reflection.MethodBase:Invoke(Object, Object[])
UnityEditor.EditorAssemblies:ProcessInitializeOnLoadMethodAttributes()

TypeLoadException: Could not load type of field 'Google.IOSResolver:commandLineDialog' (37) due to: Could not load file or assembly 'Google.JarResolver, Version=1.2.0.0, Culture=neutral, PublicKeyToken=null' or one of its dependencies.
  at (wrapper managed-to-native) System.RuntimeType.GetMethodsByName_native(System.RuntimeType,intptr,System.Reflection.BindingFlags,System.RuntimeType/MemberListType)
  at System.RuntimeType.GetMethodsByName (System.String name, System.Reflection.BindingFlags bindingAttr, System.RuntimeType+MemberListType listType, System.RuntimeType reflectedType) [0x0001b] in <7b935204f5ff4bcab44b3b0ebca330bf>:0 
  at System.RuntimeType.GetMethodCandidates (System.String name, System.Int32 genericParameterCount, System.Reflection.BindingFlags bindingAttr, System.Reflection.CallingConventions callConv, System.Type[] types, System.Boolean allowPrefixLookup) [0x00010] in <7b935204f5ff4bcab44b3b0ebca330bf>:0 
  at System.RuntimeType.GetMethodImplCommon (System.String name, System.Int32 genericParameterCount, System.Reflection.BindingFlags bindingAttr, System.Reflection.Binder binder, System.Reflection.CallingConventions callConv, System.Type[] types, System.Reflection.ParameterModifier[] modifiers) [0x00000] in <7b935204f5ff4bcab44b3b0ebca330bf>:0 
  at System.RuntimeType.GetMethodImpl (System.String name, System.Reflection.BindingFlags bindingAttr, System.Reflection.Binder binder, System.Reflection.CallingConventions callConv, System.Type[] types, System.Reflection.ParameterModifier[] modifiers) [0x00000] in <7b935204f5ff4bcab44b3b0ebca330bf>:0 
  at System.Type.GetMethod (System.String name, System.Reflection.BindingFlags bindingAttr) [0x0000e] in <7b935204f5ff4bcab44b3b0ebca330bf>:0 
  at UnityEditor.AssetPostprocessingInternal.GetProcessorHashString (System.String methodName, System.String& hashString) [0x00027] in <db8aad8fcedd4e11ba6ba696cb8802a7>:0 
UnityEngine.DebugLogHandler:Internal_LogException(Exception, Object)
UnityEngine.DebugLogHandler:LogException(Exception, Object)
UnityEngine.Logger:LogException(Exception, Object)
UnityEngine.Debug:LogException(Exception)
UnityEditor.AssetPostprocessingInternal:GetProcessorHashString(String, String&)
UnityEditor.AssetPostprocessingInternal:GetTextureCubeProcessorsHashString()
UnityEditor.AssetPostprocessingInternal:RefreshCustomDependencies()
System.Reflection.RuntimeMethodInfo:InternalInvoke(RuntimeMethodInfo, Object, Object[], Exception&)
System.Reflection.RuntimeMethodInfo:Invoke(Object, BindingFlags, Binder, Object[], CultureInfo)
System.Reflection.MethodBase:Invoke(Object, Object[])
UnityEditor.EditorAssemblies:ProcessInitializeOnLoadMethodAttributes()

TypeLoadException: Could not load type of field 'Google.IOSResolver:commandLineDialog' (37) due to: Could not load file or assembly 'Google.JarResolver, Version=1.2.0.0, Culture=neutral, PublicKeyToken=null' or one of its dependencies.
  at (wrapper managed-to-native) System.RuntimeType.GetMethodsByName_native(System.RuntimeType,intptr,System.Reflection.BindingFlags,System.RuntimeType/MemberListType)
  at System.RuntimeType.GetMethodsByName (System.String name, System.Reflection.BindingFlags bindingAttr, System.RuntimeType+MemberListType listType, System.RuntimeType reflectedType) [0x0001b] in <7b935204f5ff4bcab44b3b0ebca330bf>:0 
  at System.RuntimeType.GetMethodCandidates (System.String name, System.Int32 genericParameterCount, System.Reflection.BindingFlags bindingAttr, System.Reflection.CallingConventions callConv, System.Type[] types, System.Boolean allowPrefixLookup) [0x00010] in <7b935204f5ff4bcab44b3b0ebca330bf>:0 
  at System.RuntimeType.GetMethodImplCommon (System.String name, System.Int32 genericParameterCount, System.Reflection.BindingFlags bindingAttr, System.Reflection.Binder binder, System.Reflection.CallingConventions callConv, System.Type[] types, System.Reflection.ParameterModifier[] modifiers) [0x00000] in <7b935204f5ff4bcab44b3b0ebca330bf>:0 
  at System.RuntimeType.GetMethodImpl (System.String name, System.Reflection.BindingFlags bindingAttr, System.Reflection.Binder binder, System.Reflection.CallingConventions callConv, System.Type[] types, System.Reflection.ParameterModifier[] modifiers) [0x00000] in <7b935204f5ff4bcab44b3b0ebca330bf>:0 
  at System.Type.GetMethod (System.String name, System.Reflection.BindingFlags bindingAttr) [0x0000e] in <7b935204f5ff4bcab44b3b0ebca330bf>:0 
  at UnityEditor.AssetPostprocessingInternal.GetProcessorHashString (System.String methodName, System.String& hashString) [0x00027] in <db8aad8fcedd4e11ba6ba696cb8802a7>:0 
UnityEngine.DebugLogHandler:Internal_LogException(Exception, Object)
UnityEngine.DebugLogHandler:LogException(Exception, Object)
UnityEngine.Logger:LogException(Exception, Object)
UnityEngine.Debug:LogException(Exception)
UnityEditor.AssetPostprocessingInternal:GetProcessorHashString(String, String&)
UnityEditor.AssetPostprocessingInternal:GetTexture3DProcessorsHashString()
UnityEditor.AssetPostprocessingInternal:RefreshCustomDependencies()
System.Reflection.RuntimeMethodInfo:InternalInvoke(RuntimeMethodInfo, Object, Object[], Exception&)
System.Reflection.RuntimeMethodInfo:Invoke(Object, BindingFlags, Binder, Object[], CultureInfo)
System.Reflection.MethodBase:Invoke(Object, Object[])
UnityEditor.EditorAssemblies:ProcessInitializeOnLoadMethodAttributes()

TypeLoadException: Could not load type of field 'Google.IOSResolver:commandLineDialog' (37) due to: Could not load file or assembly 'Google.JarResolver, Version=1.2.0.0, Culture=neutral, PublicKeyToken=null' or one of its dependencies.
  at (wrapper managed-to-native) System.RuntimeType.GetMethodsByName_native(System.RuntimeType,intptr,System.Reflection.BindingFlags,System.RuntimeType/MemberListType)
  at System.RuntimeType.GetMethodsByName (System.String name, System.Reflection.BindingFlags bindingAttr, System.RuntimeType+MemberListType listType, System.RuntimeType reflectedType) [0x0001b] in <7b935204f5ff4bcab44b3b0ebca330bf>:0 
  at System.RuntimeType.GetMethodCandidates (System.String name, System.Int32 genericParameterCount, System.Reflection.BindingFlags bindingAttr, System.Reflection.CallingConventions callConv, System.Type[] types, System.Boolean allowPrefixLookup) [0x00010] in <7b935204f5ff4bcab44b3b0ebca330bf>:0 
  at System.RuntimeType.GetMethodImplCommon (System.String name, System.Int32 genericParameterCount, System.Reflection.BindingFlags bindingAttr, System.Reflection.Binder binder, System.Reflection.CallingConventions callConv, System.Type[] types, System.Reflection.ParameterModifier[] modifiers) [0x00000] in <7b935204f5ff4bcab44b3b0ebca330bf>:0 
  at System.RuntimeType.GetMethodImpl (System.String name, System.Reflection.BindingFlags bindingAttr, System.Reflection.Binder binder, System.Reflection.CallingConventions callConv, System.Type[] types, System.Reflection.ParameterModifier[] modifiers) [0x00000] in <7b935204f5ff4bcab44b3b0ebca330bf>:0 
  at System.Type.GetMethod (System.String name, System.Reflection.BindingFlags bindingAttr) [0x0000e] in <7b935204f5ff4bcab44b3b0ebca330bf>:0 
  at UnityEditor.AssetPostprocessingInternal.GetProcessorHashString (System.String methodName, System.String& hashString) [0x00027] in <db8aad8fcedd4e11ba6ba696cb8802a7>:0 
UnityEngine.DebugLogHandler:Internal_LogException(Exception, Object)
UnityEngine.DebugLogHandler:LogException(Exception, Object)
UnityEngine.Logger:LogException(Exception, Object)
UnityEngine.Debug:LogException(Exception)
UnityEditor.AssetPostprocessingInternal:GetProcessorHashString(String, String&)
UnityEditor.AssetPostprocessingInternal:GetTexture2DArrayProcessorsHashString()
UnityEditor.AssetPostprocessingInternal:RefreshCustomDependencies()
System.Reflection.RuntimeMethodInfo:InternalInvoke(RuntimeMethodInfo, Object, Object[], Exception&)
System.Reflection.RuntimeMethodInfo:Invoke(Object, BindingFlags, Binder, Object[], CultureInfo)
System.Reflection.MethodBase:Invoke(Object, Object[])
UnityEditor.EditorAssemblies:ProcessInitializeOnLoadMethodAttributes()

TypeLoadException: Could not load type of field 'Google.IOSResolver:commandLineDialog' (37) due to: Could not load file or assembly 'Google.JarResolver, Version=1.2.0.0, Culture=neutral, PublicKeyToken=null' or one of its dependencies.
  at (wrapper managed-to-native) System.RuntimeType.GetMethodsByName_native(System.RuntimeType,intptr,System.Reflection.BindingFlags,System.RuntimeType/MemberListType)
  at System.RuntimeType.GetMethodsByName (System.String name, System.Reflection.BindingFlags bindingAttr, System.RuntimeType+MemberListType listType, System.RuntimeType reflectedType) [0x0001b] in <7b935204f5ff4bcab44b3b0ebca330bf>:0 
  at System.RuntimeType.GetMethodCandidates (System.String name, System.Int32 genericParameterCount, System.Reflection.BindingFlags bindingAttr, System.Reflection.CallingConventions callConv, System.Type[] types, System.Boolean allowPrefixLookup) [0x00010] in <7b935204f5ff4bcab44b3b0ebca330bf>:0 
  at System.RuntimeType.GetMethodImplCommon (System.String name, System.Int32 genericParameterCount, System.Reflection.BindingFlags bindingAttr, System.Reflection.Binder binder, System.Reflection.CallingConventions callConv, System.Type[] types, System.Reflection.ParameterModifier[] modifiers) [0x00000] in <7b935204f5ff4bcab44b3b0ebca330bf>:0 
  at System.RuntimeType.GetMethodImpl (System.String name, System.Reflection.BindingFlags bindingAttr, System.Reflection.Binder binder, System.Reflection.CallingConventions callConv, System.Type[] types, System.Reflection.ParameterModifier[] modifiers) [0x00000] in <7b935204f5ff4bcab44b3b0ebca330bf>:0 
  at System.Type.GetMethod (System.String name, System.Reflection.BindingFlags bindingAttr) [0x0000e] in <7b935204f5ff4bcab44b3b0ebca330bf>:0 
  at UnityEditor.AssetPostprocessingInternal.GetProcessorHashString (System.String methodName, System.String& hashString) [0x00027] in <db8aad8fcedd4e11ba6ba696cb8802a7>:0 
UnityEngine.DebugLogHandler:Internal_LogException(Exception, Object)
UnityEngine.DebugLogHandler:LogException(Exception, Object)
UnityEngine.Logger:LogException(Exception, Object)
UnityEngine.Debug:LogException(Exception)
UnityEditor.AssetPostprocessingInternal:GetProcessorHashString(String, String&)
UnityEditor.AssetPostprocessingInternal:GetTextureSpriteProcessorsHashString()
UnityEditor.AssetPostprocessingInternal:RefreshCustomDependencies()
System.Reflection.RuntimeMethodInfo:InternalInvoke(RuntimeMethodInfo, Object, Object[], Exception&)
System.Reflection.RuntimeMethodInfo:Invoke(Object, BindingFlags, Binder, Object[], CultureInfo)
System.Reflection.MethodBase:Invoke(Object, Object[])
UnityEditor.EditorAssemblies:ProcessInitializeOnLoadMethodAttributes()

TypeLoadException: Could not load type of field 'Google.IOSResolver:commandLineDialog' (37) due to: Could not load file or assembly 'Google.JarResolver, Version=1.2.0.0, Culture=neutral, PublicKeyToken=null' or one of its dependencies.
  at (wrapper managed-to-native) System.RuntimeType.GetMethodsByName_native(System.RuntimeType,intptr,System.Reflection.BindingFlags,System.RuntimeType/MemberListType)
  at System.RuntimeType.GetMethodsByName (System.String name, System.Reflection.BindingFlags bindingAttr, System.RuntimeType+MemberListType listType, System.RuntimeType reflectedType) [0x0001b] in <7b935204f5ff4bcab44b3b0ebca330bf>:0 
  at System.RuntimeType.GetMethodCandidates (System.String name, System.Int32 genericParameterCount, System.Reflection.BindingFlags bindingAttr, System.Reflection.CallingConventions callConv, System.Type[] types, System.Boolean allowPrefixLookup) [0x00010] in <7b935204f5ff4bcab44b3b0ebca330bf>:0 
  at System.RuntimeType.GetMethodImplCommon (System.String name, System.Int32 genericParameterCount, System.Reflection.BindingFlags bindingAttr, System.Reflection.Binder binder, System.Reflection.CallingConventions callConv, System.Type[] types, System.Reflection.ParameterModifier[] modifiers) [0x00000] in <7b935204f5ff4bcab44b3b0ebca330bf>:0 
  at System.RuntimeType.GetMethodImpl (System.String name, System.Reflection.BindingFlags bindingAttr, System.Reflection.Binder binder, System.Reflection.CallingConventions callConv, System.Type[] types, System.Reflection.ParameterModifier[] modifiers) [0x00000] in <7b935204f5ff4bcab44b3b0ebca330bf>:0 
  at System.Type.GetMethod (System.String name, System.Reflection.BindingFlags bindingAttr) [0x0000e] in <7b935204f5ff4bcab44b3b0ebca330bf>:0 
  at UnityEditor.AssetPostprocessingInternal.GetProcessorHashString (System.String methodName, System.String& hashString) [0x00027] in <db8aad8fcedd4e11ba6ba696cb8802a7>:0 
UnityEngine.DebugLogHandler:Internal_LogException(Exception, Object)
UnityEngine.DebugLogHandler:LogException(Exception, Object)
UnityEngine.Logger:LogException(Exception, Object)
UnityEngine.Debug:LogException(Exception)
UnityEditor.AssetPostprocessingInternal:GetProcessorHashString(String, String&)
UnityEditor.AssetPostprocessingInternal:GetTexturePreProcessorsHashString()
UnityEditor.AssetPostprocessingInternal:RefreshCustomDependencies()
System.Reflection.RuntimeMethodInfo:InternalInvoke(RuntimeMethodInfo, Object, Object[], Exception&)
System.Reflection.RuntimeMethodInfo:Invoke(Object, BindingFlags, Binder, Object[], CultureInfo)
System.Reflection.MethodBase:Invoke(Object, Object[])
UnityEditor.EditorAssemblies:ProcessInitializeOnLoadMethodAttributes()

Mono: successfully reloaded assembly
Uploading Crash Report
TypeLoadException: Could not load type of field 'Google.IOSResolver:commandLineDialog' (37) due to: Could not load file or assembly 'Google.JarResolver, Version=1.2.0.0, Culture=neutral, PublicKeyToken=null' or one of its dependencies.
  at (wrapper managed-to-native) System.RuntimeType.GetMethodsByName_native(System.RuntimeType,intptr,System.Reflection.BindingFlags,System.RuntimeType/MemberListType)
  at System.RuntimeType.GetMethodsByName (System.String name, System.Reflection.BindingFlags bindingAttr, System.RuntimeType+MemberListType listType, System.RuntimeType reflectedType) [0x0001b] in <7b935204f5ff4bcab44b3b0ebca330bf>:0 
  at System.RuntimeType.GetMethodCandidates (System.String name, System.Int32 genericParameterCount, System.Reflection.BindingFlags bindingAttr, System.Reflection.CallingConventions callConv, System.Type[] types, System.Boolean allowPrefixLookup) [0x00010] in <7b935204f5ff4bcab44b3b0ebca330bf>:0 
  at System.RuntimeType.GetMethodImplCommon (System.String name, System.Int32 genericParameterCount, System.Reflection.BindingFlags bindingAttr, System.Reflection.Binder binder, System.Reflection.CallingConventions callConv, System.Type[] types, System.Reflection.ParameterModifier[] modifiers) [0x00000] in <7b935204f5ff4bcab44b3b0ebca330bf>:0 
  at System.RuntimeType.GetMethodImpl (System.String name, System.Reflection.BindingFlags bindingAttr, System.Reflection.Binder binder, System.Reflection.CallingConventions callConv, System.Type[] types, System.Reflection.ParameterModifier[] modifiers) [0x00000] in <7b935204f5ff4bcab44b3b0ebca330bf>:0 
  at System.Type.GetMethod (System.String name, System.Reflection.BindingFlags bindingAttr) [0x0000e] in <7b935204f5ff4bcab44b3b0ebca330bf>:0 
  at UnityEditor.AssetPostprocessingInternal+<>c__DisplayClass58_0.<ImplementsAnyOfTheses>b__0 (System.String method) [0x00000] in <db8aad8fcedd4e11ba6ba696cb8802a7>:0 
  at System.Linq.Enumerable+WhereListIterator`1[TSource].MoveNext () [0x00037] in <b98680caec7f4227a10f36469340208c>:0 
  at System.Collections.Generic.List`1[T].AddEnumerable (System.Collections.Generic.IEnumerable`1[T] enumerable) [0x00059] in <7b935204f5ff4bcab44b3b0ebca330bf>:0 
  at System.Collections.Generic.List`1[T]..ctor (System.Collections.Generic.IEnumerable`1[T] collection) [0x00062] in <7b935204f5ff4bcab44b3b0ebca330bf>:0 
  at UnityEditor.AssetPostprocessingInternal.ImplementsAnyOfTheses (System.Type type, System.Collections.Generic.IEnumerable`1[T] methods, System.Collections.Generic.List`1[System.String]& usedMethods) [0x00021] in <db8aad8fcedd4e11ba6ba696cb8802a7>:0 
  at UnityEditor.AssetPostprocessingInternal.GetSortedPostprocessorTypes (System.Type importer, System.Collections.Generic.Dictionary`2[TKey,TValue] postprocessorMethodsByImporterType, System.String[] defaultMethods, System.Collections.Generic.Dictionary`2[TKey,TValue] cache) [0x00086] in <db8aad8fcedd4e11ba6ba696cb8802a7>:0 
  at UnityEditor.AssetPostprocessingInternal.GetSortedStaticPostprocessorTypes (System.Type importer) [0x00010] in <db8aad8fcedd4e11ba6ba696cb8802a7>:0 
  at UnityEditor.AssetPostprocessingInternal.GetMeshProcessorsHashString () [0x00015] in <db8aad8fcedd4e11ba6ba696cb8802a7>:0 

Uploading Crash Report
TypeLoadException: Could not load type of field 'Google.IOSResolver:commandLineDialog' (37) due to: Could not load file or assembly 'Google.JarResolver, Version=1.2.0.0, Culture=neutral, PublicKeyToken=null' or one of its dependencies.
  at (wrapper managed-to-native) System.RuntimeType.GetMethodsByName_native(System.RuntimeType,intptr,System.Reflection.BindingFlags,System.RuntimeType/MemberListType)
  at System.RuntimeType.GetMethodsByName (System.String name, System.Reflection.BindingFlags bindingAttr, System.RuntimeType+MemberListType listType, System.RuntimeType reflectedType) [0x0001b] in <7b935204f5ff4bcab44b3b0ebca330bf>:0 
  at System.RuntimeType.GetMethodCandidates (System.String name, System.Int32 genericParameterCount, System.Reflection.BindingFlags bindingAttr, System.Reflection.CallingConventions callConv, System.Type[] types, System.Boolean allowPrefixLookup) [0x00010] in <7b935204f5ff4bcab44b3b0ebca330bf>:0 
  at System.RuntimeType.GetMethodImplCommon (System.String name, System.Int32 genericParameterCount, System.Reflection.BindingFlags bindingAttr, System.Reflection.Binder binder, System.Reflection.CallingConventions callConv, System.Type[] types, System.Reflection.ParameterModifier[] modifiers) [0x00000] in <7b935204f5ff4bcab44b3b0ebca330bf>:0 
  at System.RuntimeType.GetMethodImpl (System.String name, System.Reflection.BindingFlags bindingAttr, System.Reflection.Binder binder, System.Reflection.CallingConventions callConv, System.Type[] types, System.Reflection.ParameterModifier[] modifiers) [0x00000] in <7b935204f5ff4bcab44b3b0ebca330bf>:0 
  at System.Type.GetMethod (System.String name, System.Reflection.BindingFlags bindingAttr) [0x0000e] in <7b935204f5ff4bcab44b3b0ebca330bf>:0 
  at UnityEditor.AssetPostprocessingInternal+<>c__DisplayClass58_0.<ImplementsAnyOfTheses>b__0 (System.String method) [0x00000] in <db8aad8fcedd4e11ba6ba696cb8802a7>:0 
  at System.Linq.Enumerable+WhereListIterator`1[TSource].MoveNext () [0x00037] in <b98680caec7f4227a10f36469340208c>:0 
  at System.Collections.Generic.List`1[T].AddEnumerable (System.Collections.Generic.IEnumerable`1[T] enumerable) [0x00059] in <7b935204f5ff4bcab44b3b0ebca330bf>:0 
  at System.Collections.Generic.List`1[T]..ctor (System.Collections.Generic.IEnumerable`1[T] collection) [0x00062] in <7b935204f5ff4bcab44b3b0ebca330bf>:0 
  at UnityEditor.AssetPostprocessingInternal.ImplementsAnyOfTheses (System.Type type, System.Collections.Generic.IEnumerable`1[T] methods, System.Collections.Generic.List`1[System.String]& usedMethods) [0x00021] in <db8aad8fcedd4e11ba6ba696cb8802a7>:0 
  at UnityEditor.AssetPostprocessingInternal.GetSortedPostprocessorTypes (System.Type importer, System.Collections.Generic.Dictionary`2[TKey,TValue] postprocessorMethodsByImporterType, System.String[] defaultMethods, System.Collections.Generic.Dictionary`2[TKey,TValue] cache) [0x00086] in <db8aad8fcedd4e11ba6ba696cb8802a7>:0 
  at UnityEditor.AssetPostprocessingInternal.GetSortedStaticPostprocessorTypes (System.Type importer) [0x00010] in <db8aad8fcedd4e11ba6ba696cb8802a7>:0 
  at UnityEditor.AssetPostprocessingInternal.GetAudioProcessorsHashString () [0x00015] in <db8aad8fcedd4e11ba6ba696cb8802a7>:0 

Uploading Crash Report
TypeLoadException: Could not load type of field 'Google.IOSResolver:commandLineDialog' (37) due to: Could not load file or assembly 'Google.JarResolver, Version=1.2.0.0, Culture=neutral, PublicKeyToken=null' or one of its dependencies.
  at (wrapper managed-to-native) System.RuntimeType.GetMethodsByName_native(System.RuntimeType,intptr,System.Reflection.BindingFlags,System.RuntimeType/MemberListType)
  at System.RuntimeType.GetMethodsByName (System.String name, System.Reflection.BindingFlags bindingAttr, System.RuntimeType+MemberListType listType, System.RuntimeType reflectedType) [0x0001b] in <7b935204f5ff4bcab44b3b0ebca330bf>:0 
  at System.RuntimeType.GetMethodCandidates (System.String name, System.Int32 genericParameterCount, System.Reflection.BindingFlags bindingAttr, System.Reflection.CallingConventions callConv, System.Type[] types, System.Boolean allowPrefixLookup) [0x00010] in <7b935204f5ff4bcab44b3b0ebca330bf>:0 
  at System.RuntimeType.GetMethodImplCommon (System.String name, System.Int32 genericParameterCount, System.Reflection.BindingFlags bindingAttr, System.Reflection.Binder binder, System.Reflection.CallingConventions callConv, System.Type[] types, System.Reflection.ParameterModifier[] modifiers) [0x00000] in <7b935204f5ff4bcab44b3b0ebca330bf>:0 
  at System.RuntimeType.GetMethodImpl (System.String name, System.Reflection.BindingFlags bindingAttr, System.Reflection.Binder binder, System.Reflection.CallingConventions callConv, System.Type[] types, System.Reflection.ParameterModifier[] modifiers) [0x00000] in <7b935204f5ff4bcab44b3b0ebca330bf>:0 
  at System.Type.GetMethod (System.String name, System.Reflection.BindingFlags bindingAttr) [0x0000e] in <7b935204f5ff4bcab44b3b0ebca330bf>:0 
  at UnityEditor.AssetPostprocessingInternal+<>c__DisplayClass58_0.<ImplementsAnyOfTheses>b__0 (System.String method) [0x00000] in <db8aad8fcedd4e11ba6ba696cb8802a7>:0 
  at System.Linq.Enumerable+WhereListIterator`1[TSource].MoveNext () [0x00037] in <b98680caec7f4227a10f36469340208c>:0 
  at System.Collections.Generic.List`1[T].AddEnumerable (System.Collections.Generic.IEnumerable`1[T] enumerable) [0x00059] in <7b935204f5ff4bcab44b3b0ebca330bf>:0 
  at System.Collections.Generic.List`1[T]..ctor (System.Collections.Generic.IEnumerable`1[T] collection) [0x00062] in <7b935204f5ff4bcab44b3b0ebca330bf>:0 
  at UnityEditor.AssetPostprocessingInternal.ImplementsAnyOfTheses (System.Type type, System.Collections.Generic.IEnumerable`1[T] methods, System.Collections.Generic.List`1[System.String]& usedMethods) [0x00021] in <db8aad8fcedd4e11ba6ba696cb8802a7>:0 
  at UnityEditor.AssetPostprocessingInternal.GetSortedPostprocessorTypes (System.Type importer, System.Collections.Generic.Dictionary`2[TKey,TValue] postprocessorMethodsByImporterType, System.String[] defaultMethods, System.Collections.Generic.Dictionary`2[TKey,TValue] cache) [0x00086] in <db8aad8fcedd4e11ba6ba696cb8802a7>:0 
  at UnityEditor.AssetPostprocessingInternal.GetSortedStaticPostprocessorTypes (System.Type importer) [0x00010] in <db8aad8fcedd4e11ba6ba696cb8802a7>:0 
  at UnityEditor.AssetPostprocessingInternal.GetSpeedTreeProcessorsHashString () [0x00015] in <db8aad8fcedd4e11ba6ba696cb8802a7>:0 

Uploading Crash Report
TypeLoadException: Could not load type of field 'Google.IOSResolver:commandLineDialog' (37) due to: Could not load file or assembly 'Google.JarResolver, Version=1.2.0.0, Culture=neutral, PublicKeyToken=null' or one of its dependencies.
  at (wrapper managed-to-native) System.RuntimeType.GetMethodsByName_native(System.RuntimeType,intptr,System.Reflection.BindingFlags,System.RuntimeType/MemberListType)
  at System.RuntimeType.GetMethodsByName (System.String name, System.Reflection.BindingFlags bindingAttr, System.RuntimeType+MemberListType listType, System.RuntimeType reflectedType) [0x0001b] in <7b935204f5ff4bcab44b3b0ebca330bf>:0 
  at System.RuntimeType.GetMethodCandidates (System.String name, System.Int32 genericParameterCount, System.Reflection.BindingFlags bindingAttr, System.Reflection.CallingConventions callConv, System.Type[] types, System.Boolean allowPrefixLookup) [0x00010] in <7b935204f5ff4bcab44b3b0ebca330bf>:0 
  at System.RuntimeType.GetMethodImplCommon (System.String name, System.Int32 genericParameterCount, System.Reflection.BindingFlags bindingAttr, System.Reflection.Binder binder, System.Reflection.CallingConventions callConv, System.Type[] types, System.Reflection.ParameterModifier[] modifiers) [0x00000] in <7b935204f5ff4bcab44b3b0ebca330bf>:0 
  at System.RuntimeType.GetMethodImpl (System.String name, System.Reflection.BindingFlags bindingAttr, System.Reflection.Binder binder, System.Reflection.CallingConventions callConv, System.Type[] types, System.Reflection.ParameterModifier[] modifiers) [0x00000] in <7b935204f5ff4bcab44b3b0ebca330bf>:0 
  at System.Type.GetMethod (System.String name, System.Reflection.BindingFlags bindingAttr) [0x0000e] in <7b935204f5ff4bcab44b3b0ebca330bf>:0 
  at UnityEditor.AssetPostprocessingInternal+<>c__DisplayClass58_0.<ImplementsAnyOfTheses>b__0 (System.String method) [0x00000] in <db8aad8fcedd4e11ba6ba696cb8802a7>:0 
  at System.Linq.Enumerable+WhereListIterator`1[TSource].MoveNext () [0x00037] in <b98680caec7f4227a10f36469340208c>:0 
  at System.Collections.Generic.List`1[T].AddEnumerable (System.Collections.Generic.IEnumerable`1[T] enumerable) [0x00059] in <7b935204f5ff4bcab44b3b0ebca330bf>:0 
  at System.Collections.Generic.List`1[T]..ctor (System.Collections.Generic.IEnumerable`1[T] collection) [0x00062] in <7b935204f5ff4bcab44b3b0ebca330bf>:0 
  at UnityEditor.AssetPostprocessingInternal.ImplementsAnyOfTheses (System.Type type, System.Collections.Generic.IEnumerable`1[T] methods, System.Collections.Generic.List`1[System.String]& usedMethods) [0x00021] in <db8aad8fcedd4e11ba6ba696cb8802a7>:0 
  at UnityEditor.AssetPostprocessingInternal.GetSortedPostprocessorTypes (System.Type importer, System.Collections.Generic.Dictionary`2[TKey,TValue] postprocessorMethodsByImporterType, System.String[] defaultMethods, System.Collections.Generic.Dictionary`2[TKey,TValue] cache) [0x00086] in <db8aad8fcedd4e11ba6ba696cb8802a7>:0 
  at UnityEditor.AssetPostprocessingInternal.GetSortedStaticPostprocessorTypes (System.Type importer) [0x00010] in <db8aad8fcedd4e11ba6ba696cb8802a7>:0 
  at UnityEditor.AssetPostprocessingInternal.GetPrefabProcessorsHashString () [0x00015] in <db8aad8fcedd4e11ba6ba696cb8802a7>:0 

- Completed reload, in  1.024 seconds
Domain Reload Profiling:
	ReloadAssembly (1025ms)
		BeginReloadAssembly (124ms)
			ExecutionOrderSort (0ms)
			DisableScriptedObjects (6ms)
			BackupInstance (0ms)
			ReleaseScriptingObjects (0ms)
			CreateAndSetChildDomain (35ms)
		EndReloadAssembly (800ms)
			LoadAssemblies (77ms)
			RebuildTransferFunctionScriptingTraits (0ms)
			SetupTypeCache (190ms)
			ReleaseScriptCaches (1ms)
			RebuildScriptCaches (39ms)
			SetupLoadedEditorAssemblies (448ms)
				LogAssemblyErrors (0ms)
				InitializePlatformSupportModulesInManaged (30ms)
				SetLoadedEditorAssemblies (0ms)
				RefreshPlugins (1ms)
				BeforeProcessingInitializeOnLoad (50ms)
				ProcessInitializeOnLoadAttributes (240ms)
				ProcessInitializeOnLoadMethodAttributes (114ms)
				AfterProcessingInitializeOnLoad (12ms)
				EditorAssembliesLoaded (0ms)
			ExecutionOrderSort2 (0ms)
			AwakeInstancesAfterBackupRestoration (6ms)
Platform modules already initialized, skipping
TypeLoadException: Could not load type of field 'Google.IOSResolver:commandLineDialog' (37) due to: Could not load file or assembly 'Google.JarResolver, Version=1.2.0.0, Culture=neutral, PublicKeyToken=null' or one of its dependencies.
  at (wrapper managed-to-native) System.RuntimeType.GetMethodsByName_native(System.RuntimeType,intptr,System.Reflection.BindingFlags,System.RuntimeType/MemberListType)
  at System.RuntimeType.GetMethodsByName (System.String name, System.Reflection.BindingFlags bindingAttr, System.RuntimeType+MemberListType listType, System.RuntimeType reflectedType) [0x0001b] in <7b935204f5ff4bcab44b3b0ebca330bf>:0 
  at System.RuntimeType.GetMethodCandidates (System.String name, System.Int32 genericParameterCount, System.Reflection.BindingFlags bindingAttr, System.Reflection.CallingConventions callConv, System.Type[] types, System.Boolean allowPrefixLookup) [0x00010] in <7b935204f5ff4bcab44b3b0ebca330bf>:0 
  at System.RuntimeType.GetMethodImplCommon (System.String name, System.Int32 genericParameterCount, System.Reflection.BindingFlags bindingAttr, System.Reflection.Binder binder, System.Reflection.CallingConventions callConv, System.Type[] types, System.Reflection.ParameterModifier[] modifiers) [0x00000] in <7b935204f5ff4bcab44b3b0ebca330bf>:0 
  at System.RuntimeType.GetMethodImpl (System.String name, System.Reflection.BindingFlags bindingAttr, System.Reflection.Binder binder, System.Reflection.CallingConventions callConv, System.Type[] types, System.Reflection.ParameterModifier[] modifiers) [0x00000] in <7b935204f5ff4bcab44b3b0ebca330bf>:0 
  at System.Type.GetMethod (System.String name, System.Reflection.BindingFlags bindingAttr) [0x0000e] in <7b935204f5ff4bcab44b3b0ebca330bf>:0 
  at UnityEditor.AssetPostprocessingInternal+<>c__DisplayClass58_0.<ImplementsAnyOfTheses>b__0 (System.String method) [0x00000] in <db8aad8fcedd4e11ba6ba696cb8802a7>:0 
  at System.Linq.Enumerable+WhereListIterator`1[TSource].MoveNext () [0x00037] in <b98680caec7f4227a10f36469340208c>:0 
  at System.Collections.Generic.List`1[T].AddEnumerable (System.Collections.Generic.IEnumerable`1[T] enumerable) [0x00059] in <7b935204f5ff4bcab44b3b0ebca330bf>:0 
  at System.Collections.Generic.List`1[T]..ctor (System.Collections.Generic.IEnumerable`1[T] collection) [0x00062] in <7b935204f5ff4bcab44b3b0ebca330bf>:0 
  at UnityEditor.AssetPostprocessingInternal.ImplementsAnyOfTheses (System.Type type, System.Collections.Generic.IEnumerable`1[T] methods, System.Collections.Generic.List`1[System.String]& usedMethods) [0x00021] in <db8aad8fcedd4e11ba6ba696cb8802a7>:0 
  at UnityEditor.AssetPostprocessingInternal.GetSortedPostprocessorTypes (System.Type importer, System.Collections.Generic.Dictionary`2[TKey,TValue] postprocessorMethodsByImporterType, System.String[] defaultMethods, System.Collections.Generic.Dictionary`2[TKey,TValue] cache) [0x00086] in <db8aad8fcedd4e11ba6ba696cb8802a7>:0 
  at UnityEditor.AssetPostprocessingInternal.GetSortedStaticPostprocessorTypes (System.Type importer) [0x00010] in <db8aad8fcedd4e11ba6ba696cb8802a7>:0 
  at UnityEditor.AssetPostprocessingInternal.GetMeshProcessorsHashString () [0x00015] in <db8aad8fcedd4e11ba6ba696cb8802a7>:0 

TypeLoadException: Could not load type of field 'Google.IOSResolver:commandLineDialog' (37) due to: Could not load file or assembly 'Google.JarResolver, Version=1.2.0.0, Culture=neutral, PublicKeyToken=null' or one of its dependencies.
  at (wrapper managed-to-native) System.RuntimeType.GetMethodsByName_native(System.RuntimeType,intptr,System.Reflection.BindingFlags,System.RuntimeType/MemberListType)
  at System.RuntimeType.GetMethodsByName (System.String name, System.Reflection.BindingFlags bindingAttr, System.RuntimeType+MemberListType listType, System.RuntimeType reflectedType) [0x0001b] in <7b935204f5ff4bcab44b3b0ebca330bf>:0 
  at System.RuntimeType.GetMethodCandidates (System.String name, System.Int32 genericParameterCount, System.Reflection.BindingFlags bindingAttr, System.Reflection.CallingConventions callConv, System.Type[] types, System.Boolean allowPrefixLookup) [0x00010] in <7b935204f5ff4bcab44b3b0ebca330bf>:0 
  at System.RuntimeType.GetMethodImplCommon (System.String name, System.Int32 genericParameterCount, System.Reflection.BindingFlags bindingAttr, System.Reflection.Binder binder, System.Reflection.CallingConventions callConv, System.Type[] types, System.Reflection.ParameterModifier[] modifiers) [0x00000] in <7b935204f5ff4bcab44b3b0ebca330bf>:0 
  at System.RuntimeType.GetMethodImpl (System.String name, System.Reflection.BindingFlags bindingAttr, System.Reflection.Binder binder, System.Reflection.CallingConventions callConv, System.Type[] types, System.Reflection.ParameterModifier[] modifiers) [0x00000] in <7b935204f5ff4bcab44b3b0ebca330bf>:0 
  at System.Type.GetMethod (System.String name, System.Reflection.BindingFlags bindingAttr) [0x0000e] in <7b935204f5ff4bcab44b3b0ebca330bf>:0 
  at UnityEditor.AssetPostprocessingInternal+<>c__DisplayClass58_0.<ImplementsAnyOfTheses>b__0 (System.String method) [0x00000] in <db8aad8fcedd4e11ba6ba696cb8802a7>:0 
  at System.Linq.Enumerable+WhereListIterator`1[TSource].MoveNext () [0x00037] in <b98680caec7f4227a10f36469340208c>:0 
  at System.Collections.Generic.List`1[T].AddEnumerable (System.Collections.Generic.IEnumerable`1[T] enumerable) [0x00059] in <7b935204f5ff4bcab44b3b0ebca330bf>:0 
  at System.Collections.Generic.List`1[T]..ctor (System.Collections.Generic.IEnumerable`1[T] collection) [0x00062] in <7b935204f5ff4bcab44b3b0ebca330bf>:0 
  at UnityEditor.AssetPostprocessingInternal.ImplementsAnyOfTheses (System.Type type, System.Collections.Generic.IEnumerable`1[T] methods, System.Collections.Generic.List`1[System.String]& usedMethods) [0x00021] in <db8aad8fcedd4e11ba6ba696cb8802a7>:0 
  at UnityEditor.AssetPostprocessingInternal.GetSortedPostprocessorTypes (System.Type importer, System.Collections.Generic.Dictionary`2[TKey,TValue] postprocessorMethodsByImporterType, System.String[] defaultMethods, System.Collections.Generic.Dictionary`2[TKey,TValue] cache) [0x00086] in <db8aad8fcedd4e11ba6ba696cb8802a7>:0 
  at UnityEditor.AssetPostprocessingInternal.GetSortedStaticPostprocessorTypes (System.Type importer) [0x00010] in <db8aad8fcedd4e11ba6ba696cb8802a7>:0 
  at UnityEditor.AssetPostprocessingInternal.GetAudioProcessorsHashString () [0x00015] in <db8aad8fcedd4e11ba6ba696cb8802a7>:0 

TypeLoadException: Could not load type of field 'Google.IOSResolver:commandLineDialog' (37) due to: Could not load file or assembly 'Google.JarResolver, Version=1.2.0.0, Culture=neutral, PublicKeyToken=null' or one of its dependencies.
  at (wrapper managed-to-native) System.RuntimeType.GetMethodsByName_native(System.RuntimeType,intptr,System.Reflection.BindingFlags,System.RuntimeType/MemberListType)
  at System.RuntimeType.GetMethodsByName (System.String name, System.Reflection.BindingFlags bindingAttr, System.RuntimeType+MemberListType listType, System.RuntimeType reflectedType) [0x0001b] in <7b935204f5ff4bcab44b3b0ebca330bf>:0 
  at System.RuntimeType.GetMethodCandidates (System.String name, System.Int32 genericParameterCount, System.Reflection.BindingFlags bindingAttr, System.Reflection.CallingConventions callConv, System.Type[] types, System.Boolean allowPrefixLookup) [0x00010] in <7b935204f5ff4bcab44b3b0ebca330bf>:0 
  at System.RuntimeType.GetMethodImplCommon (System.String name, System.Int32 genericParameterCount, System.Reflection.BindingFlags bindingAttr, System.Reflection.Binder binder, System.Reflection.CallingConventions callConv, System.Type[] types, System.Reflection.ParameterModifier[] modifiers) [0x00000] in <7b935204f5ff4bcab44b3b0ebca330bf>:0 
  at System.RuntimeType.GetMethodImpl (System.String name, System.Reflection.BindingFlags bindingAttr, System.Reflection.Binder binder, System.Reflection.CallingConventions callConv, System.Type[] types, System.Reflection.ParameterModifier[] modifiers) [0x00000] in <7b935204f5ff4bcab44b3b0ebca330bf>:0 
  at System.Type.GetMethod (System.String name, System.Reflection.BindingFlags bindingAttr) [0x0000e] in <7b935204f5ff4bcab44b3b0ebca330bf>:0 
  at UnityEditor.AssetPostprocessingInternal+<>c__DisplayClass58_0.<ImplementsAnyOfTheses>b__0 (System.String method) [0x00000] in <db8aad8fcedd4e11ba6ba696cb8802a7>:0 
  at System.Linq.Enumerable+WhereListIterator`1[TSource].MoveNext () [0x00037] in <b98680caec7f4227a10f36469340208c>:0 
  at System.Collections.Generic.List`1[T].AddEnumerable (System.Collections.Generic.IEnumerable`1[T] enumerable) [0x00059] in <7b935204f5ff4bcab44b3b0ebca330bf>:0 
  at System.Collections.Generic.List`1[T]..ctor (System.Collections.Generic.IEnumerable`1[T] collection) [0x00062] in <7b935204f5ff4bcab44b3b0ebca330bf>:0 
  at UnityEditor.AssetPostprocessingInternal.ImplementsAnyOfTheses (System.Type type, System.Collections.Generic.IEnumerable`1[T] methods, System.Collections.Generic.List`1[System.String]& usedMethods) [0x00021] in <db8aad8fcedd4e11ba6ba696cb8802a7>:0 
  at UnityEditor.AssetPostprocessingInternal.GetSortedPostprocessorTypes (System.Type importer, System.Collections.Generic.Dictionary`2[TKey,TValue] postprocessorMethodsByImporterType, System.String[] defaultMethods, System.Collections.Generic.Dictionary`2[TKey,TValue] cache) [0x00086] in <db8aad8fcedd4e11ba6ba696cb8802a7>:0 
  at UnityEditor.AssetPostprocessingInternal.GetSortedStaticPostprocessorTypes (System.Type importer) [0x00010] in <db8aad8fcedd4e11ba6ba696cb8802a7>:0 
  at UnityEditor.AssetPostprocessingInternal.GetSpeedTreeProcessorsHashString () [0x00015] in <db8aad8fcedd4e11ba6ba696cb8802a7>:0 

TypeLoadException: Could not load type of field 'Google.IOSResolver:commandLineDialog' (37) due to: Could not load file or assembly 'Google.JarResolver, Version=1.2.0.0, Culture=neutral, PublicKeyToken=null' or one of its dependencies.
  at (wrapper managed-to-native) System.RuntimeType.GetMethodsByName_native(System.RuntimeType,intptr,System.Reflection.BindingFlags,System.RuntimeType/MemberListType)
  at System.RuntimeType.GetMethodsByName (System.String name, System.Reflection.BindingFlags bindingAttr, System.RuntimeType+MemberListType listType, System.RuntimeType reflectedType) [0x0001b] in <7b935204f5ff4bcab44b3b0ebca330bf>:0 
  at System.RuntimeType.GetMethodCandidates (System.String name, System.Int32 genericParameterCount, System.Reflection.BindingFlags bindingAttr, System.Reflection.CallingConventions callConv, System.Type[] types, System.Boolean allowPrefixLookup) [0x00010] in <7b935204f5ff4bcab44b3b0ebca330bf>:0 
  at System.RuntimeType.GetMethodImplCommon (System.String name, System.Int32 genericParameterCount, System.Reflection.BindingFlags bindingAttr, System.Reflection.Binder binder, System.Reflection.CallingConventions callConv, System.Type[] types, System.Reflection.ParameterModifier[] modifiers) [0x00000] in <7b935204f5ff4bcab44b3b0ebca330bf>:0 
  at System.RuntimeType.GetMethodImpl (System.String name, System.Reflection.BindingFlags bindingAttr, System.Reflection.Binder binder, System.Reflection.CallingConventions callConv, System.Type[] types, System.Reflection.ParameterModifier[] modifiers) [0x00000] in <7b935204f5ff4bcab44b3b0ebca330bf>:0 
  at System.Type.GetMethod (System.String name, System.Reflection.BindingFlags bindingAttr) [0x0000e] in <7b935204f5ff4bcab44b3b0ebca330bf>:0 
  at UnityEditor.AssetPostprocessingInternal+<>c__DisplayClass58_0.<ImplementsAnyOfTheses>b__0 (System.String method) [0x00000] in <db8aad8fcedd4e11ba6ba696cb8802a7>:0 
  at System.Linq.Enumerable+WhereListIterator`1[TSource].MoveNext () [0x00037] in <b98680caec7f4227a10f36469340208c>:0 
  at System.Collections.Generic.List`1[T].AddEnumerable (System.Collections.Generic.IEnumerable`1[T] enumerable) [0x00059] in <7b935204f5ff4bcab44b3b0ebca330bf>:0 
  at System.Collections.Generic.List`1[T]..ctor (System.Collections.Generic.IEnumerable`1[T] collection) [0x00062] in <7b935204f5ff4bcab44b3b0ebca330bf>:0 
  at UnityEditor.AssetPostprocessingInternal.ImplementsAnyOfTheses (System.Type type, System.Collections.Generic.IEnumerable`1[T] methods, System.Collections.Generic.List`1[System.String]& usedMethods) [0x00021] in <db8aad8fcedd4e11ba6ba696cb8802a7>:0 
  at UnityEditor.AssetPostprocessingInternal.GetSortedPostprocessorTypes (System.Type importer, System.Collections.Generic.Dictionary`2[TKey,TValue] postprocessorMethodsByImporterType, System.String[] defaultMethods, System.Collections.Generic.Dictionary`2[TKey,TValue] cache) [0x00086] in <db8aad8fcedd4e11ba6ba696cb8802a7>:0 
  at UnityEditor.AssetPostprocessingInternal.GetSortedStaticPostprocessorTypes (System.Type importer) [0x00010] in <db8aad8fcedd4e11ba6ba696cb8802a7>:0 
  at UnityEditor.AssetPostprocessingInternal.GetPrefabProcessorsHashString () [0x00015] in <db8aad8fcedd4e11ba6ba696cb8802a7>:0 

Refreshing native plugins compatible for Editor in 6.86 ms, found 2 plugins.
Preloading 0 native plugins for Editor in 0.00 ms.
Unloading 2330 Unused Serialized files (Serialized files now loaded: 0)
Unloading 131 unused Assets / (28.1 KB). Loaded Objects now: 2709.
Memory consumption went from 90.2 MB to 90.2 MB.
Total: 4.671800 ms (FindLiveObjects: 0.171700 ms CreateObjectMapping: 0.092000 ms MarkObjects: 4.365900 ms  DeleteObjects: 0.041300 ms)

AssetImportParameters requested are different than current active one (requested -> active):
  custom:video-decoder-ogg-theora: a1e56fd34408186e4bbccfd4996cb3dc -> 
  custom:container-muxer-webm: aa71ff27fc2769a1b78a27578f13a17b -> 
  custom:container-demuxer-webm: 4f35f7cbe854078d1ac9338744f61a02 -> 
  custom:video-encoder-webm-vp8: eb34c28f22e8b96e1ab97ce403110664 -> 
  custom:audio-encoder-webm-vorbis: bf7c407c2cedff20999df2af8eb42d56 -> 
  custom:framework-win-MediaFoundation: 216162199b28c13a410421893ffa2e32 -> 
  custom:container-demuxer-ogg: 62fdf1f143b41e24485cea50d1cbac27 -> 
  custom:video-decoder-webm-vp8: 9c59270c3fd7afecdb556c50c9e8de78 -> 
  custom:audio-decoder-ogg-vorbis: bf7c407c2cedff20999df2af8eb42d56 -> 
Editor requested this worker to shutdown with reason: Scaling down because of idle timeout
AssetImportWorkerClient::OnTransportError - code=2 error=End of file
AssetImportWorker is now disconnected from the server
Process exiting
Exiting without the bug reporter. Application will terminate with return code 0